<?xml version="1.0" encoding="UTF-8"?>
<!-- Generated by org.testng.reporters.JUnitReportReporter -->
<testsuite hostname="EV-IN-LP-0166" failures="0" tests="1" name="SortingAndSearchingOfElements" time="0.007" errors="0" timestamp="2024-07-26T16:13:13 IST" skipped="0">
  <testcase classname="SortingAndSearchingOfElements" name="BubbleSort" time="0.007"/>
  <system-out/>
</testsuite> <!-- SortingAndSearchingOfElements -->
