<?xml version="1.0" encoding="UTF-8"?>
<!-- Generated by org.testng.reporters.JUnitReportReporter -->
<testsuite hostname="EV-IN-LP-0166" failures="0" tests="1" name="PlayWithStrings" time="9.485" errors="0" timestamp="2024-07-26T13:08:45 IST" skipped="0">
  <testcase classname="PlayWithStrings" name="NoOfWordsInSentence" time="9.485"/>
  <system-out/>
</testsuite> <!-- PlayWithStrings -->
